<?xml version="1.0" encoding="UTF-8"?>
<testng-results ignored="0" total="1" passed="1" failed="0" skipped="0">
  <reporter-output>
  </reporter-output>
  <suite started-at="2025-03-15T23:24:02 IST" name="Default suite" finished-at="2025-03-15T23:24:09 IST" duration-ms="6947">
    <groups>
    </groups>
    <test started-at="2025-03-15T23:24:02 IST" name="Default test" finished-at="2025-03-15T23:24:09 IST" duration-ms="6947">
      <class name="herokuapp.Iframe">
        <test-method is-config="true" signature="setup()[pri:0, instance:herokuapp.Iframe@6d60fe40]" started-at="2025-03-15T23:24:02 IST" name="setup" finished-at="2025-03-15T23:24:06 IST" duration-ms="3585" status="PASS">
          <reporter-output>
          </reporter-output>
        </test-method> <!-- setup -->
        <test-method signature="test1()[pri:0, instance:herokuapp.Iframe@6d60fe40]" started-at="2025-03-15T23:24:06 IST" name="test1" finished-at="2025-03-15T23:24:09 IST" duration-ms="3304" status="PASS">
          <reporter-output>
          </reporter-output>
        </test-method> <!-- test1 -->
      </class> <!-- herokuapp.Iframe -->
    </test> <!-- Default test -->
  </suite> <!-- Default suite -->
</testng-results>
